### [2026-04-12 19:49:34] openssl s_client -connect 10.129.202.20:993

$ openssl s_client -connect 10.129.202.20:993

Connecting to 10.129.202.20
Can't use SSL_get_servername
depth=0 CN=NIXHARD
verify error:num=18:self-signed certificate
verify return:1
depth=0 CN=NIXHARD
verify return:1
CONNECTED(00000003)
---
Certificate chain
 0 s:CN=NIXHARD
   i:CN=NIXHARD
   a:PKEY: RSA, 2048 (bit); sigalg: sha256WithRSAEncryption
   v:NotBefore: Nov 10 01:30:25 2021 GMT; NotAfter: Nov  8 01:30:25 2031 GMT
---
Server certificate
-----BEGIN CERTIFICATE-----
MIIC0zCCAbugAwIBAgIUC6tYfrtqQqCrhjYv11bUtaKet3EwDQYJKoZIhvcNAQEL
BQAwEjEQMA4GA1UEAwwHTklYSEFSRDAeFw0yMTExMTAwMTMwMjVaFw0zMTExMDgw
MTMwMjVaMBIxEDAOBgNVBAMMB05JWEhBUkQwggEiMA0GCSqGSIb3DQEBAQUAA4IB
DwAwggEKAoIBAQDEBpDfkH4Ro5ZXW44NvnF3N9lKz27V1hgRppyUk5y/SEPKt2zj
EU+r2tEHUeHoJHQZBbW0ybxh+X2H3ZPNEG9nV1GtFQfTBVcrUEpN5VV15aIbdh+q
j53pp/wcL/d8+Zg2ZAaVYWvQHVqtsAudQmynrV1MHA39A44fG3/SutKlurY8AKR0
MW5zMPtflMc/N3+lH8UUMBf2Q+zNSyZLiBEihxK3kfMW92HqWeh016egSIFuxUsH
kk4xpGmyG9NDYna47dQzoHCg+42KgqFvWrGw2nIccaEIX5XA8rU9u53C7EQzDzmQ
vAtHpKWBwNmiivxAz/QC7MPExWIWtZtOqxmfAgMBAAGjITAfMAkGA1UdEwQCMAAw
EgYDVR0RBAswCYIHTklYSEFSRDANBgkqhkiG9w0BAQsFAAOCAQEAG+Dm9pLJgNGC
X1YmznmtBUekhXMrU67tQl745fFasJQzIrDgVtK27fjAtQRwvIbDruSwTj47E7+O
XdS7qyjFNBerklWNq4fEAVI7BmkxnTS9542okA/+UmeG70LdKjzFS+LjjOnyWzTh
YwU8uUjLfnRca74kY0DkVHOIkwZQha0J+BrKSADq/zDjkG0g4v0vzHINOmHx9eiE
67NoJKJPY5S3RYWxl/4x8Kphx7PNJBPC75gYjlxxDhxdYu9a3daqJUa58/qOm6P8
w1P9nA6lkg7NopyqepulLAzIcqnTjb/nMD2Pd9b6vgWc3IqSfFreqjzshZ+FjNZo
zR+tR6z4TQ==
-----END CERTIFICATE-----
subject=CN=NIXHARD
issuer=CN=NIXHARD
---
No client certificate CA names sent
Peer signing digest: SHA256
Peer signature type: rsa_pss_rsae_sha256
Peer Temp Key: X25519, 253 bits
---
SSL handshake has read 1283 bytes and written 1740 bytes
Verification error: self-signed certificate
---
New, TLSv1.3, Cipher is TLS_AES_256_GCM_SHA384
Protocol: TLSv1.3
Server public key is 2048 bit
This TLS version forbids renegotiation.
Compression: NONE
Expansion: NONE
No ALPN negotiated
Early data was not sent
Verify return code: 18 (self-signed certificate)
---
* OK [CAPABILITY IMAP4rev1 SASL-IR LOGIN-REFERRALS ID ENABLE IDLE LITERAL+ AUTH=PLAIN] Dovecot (Ubuntu) ready.
RECONNECTING
Connecting to 10.129.202.20
Can't use SSL_get_servername
depth=0 CN=NIXHARD
verify error:num=18:self-signed certificate
verify return:1
depth=0 CN=NIXHARD
verify return:1
---
Post-Handshake New Session Ticket arrived:
SSL-Session:
    Protocol  : TLSv1.3
    Cipher    : TLS_AES_256_GCM_SHA384
    Session-ID: 083A06A769689D1812614CC1336DD64B4FFDFB02340F1DC665DEA3106C2867B1
    Session-ID-ctx: 
    Resumption PSK: AB03F6F8D4FA2BC5CD4ED145448C6C7C7A758FA58C7E1E181E9D0245220FC747E263923F4C678F80EDBC14A51C2D8249
    PSK identity: None
    PSK identity hint: None
    SRP username: None
    TLS session ticket lifetime hint: 7200 (seconds)
    TLS session ticket:
    0000 - f2 af fa 90 93 2a 30 9f-d3 86 55 ac e3 bb 33 f0   .....*0...U...3.
    0010 - 6e e2 80 1e dd 99 11 e1-b2 b2 e5 4b c5 86 73 c9   n..........K..s.
    0020 - 71 6f 45 0f 87 a7 00 4d-40 ba 87 70 ec 1a 20 e7   qoE....M@..p.. .
    0030 - 7f a4 8f 03 db cb b7 58-d2 c7 77 1c c6 92 d1 f3   .......X..w.....
    0040 - 34 07 a3 e4 55 0f 77 5a-ec 2a ad 11 9f f2 52 a0   4...U.wZ.*....R.
    0050 - 7d 97 02 db bc 28 fd a5-4e 6e 86 41 32 cd 9c ed   }....(..Nn.A2...
    0060 - d0 0e db 1b be 4f e0 1f-97 09 58 7d fa 10 c5 95   .....O....X}....
    0070 - c2 7f 16 ac d1 05 25 a8-96 ad c8 6f 8d 48 7c 4b   ......%....o.H|K
    0080 - 7b e8 47 ff 6e e5 d9 35-b2 69 15 ee 3b 37 2f 6d   {.G.n..5.i..;7/m
    0090 - c2 83 a0 6c d4 d7 95 22-0e 46 7e a1 7d b1 49 2a   ...l...".F~.}.I*
    00a0 - 81 96 cc fb 99 4c 56 fd-b3 00 be 2a 6c d4 c8 96   .....LV....*l...
    00b0 - 5c 42 11 a3 c4 af 65 49-68 a7 a1 00 46 98 25 d2   \B....eIh...F.%.

    Start Time: 1775994575
    Timeout   : 7200 (sec)
    Verify return code: 18 (self-signed certificate)
    Extended master secret: no
    Max Early Data: 0
---
read R BLOCK
---
Post-Handshake New Session Ticket arrived:
SSL-Session:
    Protocol  : TLSv1.3
    Cipher    : TLS_AES_256_GCM_SHA384
    Session-ID: 91421C966C9356EE08371E9574AA7B777EBB10EDBD791F6A7E7D2F47F1EE3031
    Session-ID-ctx: 
    Resumption PSK: 2CA7E97E10BF0E651934AEC64349A1C9BF5174A39B3AC7E4A5054DB338AFBCE4BCC9B31E3B3023673CEA6D87D5466F19
    PSK identity: None
    PSK identity hint: None
    SRP username: None
    TLS session ticket lifetime hint: 7200 (seconds)
    TLS session ticket:
    0000 - f2 af fa 90 93 2a 30 9f-d3 86 55 ac e3 bb 33 f0   .....*0...U...3.
    0010 - 58 69 ac 69 2e d7 68 91-ed 07 ed 4a 1d 2c 8e 47   Xi.i..h....J.,.G
    0020 - d4 8a fc 9a f9 dd 3e 1f-db ae d1 9f 3b dd 14 f4   ......>.....;...
    0030 - 12 af 85 04 d2 fc c0 f7-6c 66 13 7f 54 19 65 e2   ........lf..T.e.
    0040 - e1 60 27 b0 76 a7 f0 e8-1f 1c dd ba 48 f0 3d 45   .`'.v.......H.=E
    0050 - 97 1a e0 91 6e 7b 06 1c-a9 79 34 73 78 34 2f 45   ....n{...y4sx4/E
    0060 - a9 e0 0c 35 15 cb 2b cc-46 74 25 ca 08 f9 0d bf   ...5..+.Ft%.....
    0070 - 9c 12 2b e2 a4 e6 74 2f-e6 5a 8d b7 94 b2 13 f5   ..+...t/.Z......
    0080 - 67 45 58 2f bc 4c b1 cf-07 80 c3 50 92 53 43 ee   gEX/.L.....P.SC.
    0090 - 6e d5 e4 e5 7f d9 9e 43-32 1d 62 d6 5f 14 5f d2   n......C2.b._._.
    00a0 - 89 85 b8 5e a1 0c ec 8f-a6 66 dc 75 aa 68 fd d4   ...^.....f.u.h..
    00b0 - ff cd d6 9a 67 0f 58 a1-d6 ab 09 dd f7 0b e3 52   ....g.X........R

    Start Time: 1775994575
    Timeout   : 7200 (sec)
    Verify return code: 18 (self-signed certificate)
    Extended master secret: no
    Max Early Data: 0
---
read R BLOCK
CONNECTED(00000003)
Verification error: self-signed certificate
---
New, TLSv1.3, Cipher is TLS_AES_256_GCM_SHA384
Protocol: TLSv1.3
This TLS version forbids renegotiation.
Compression: NONE
Expansion: NONE
No ALPN negotiated
Early data was not sent
Verify return code: 18 (self-signed certificate)
---
* OK [CAPABILITY IMAP4rev1 SASL-IR LOGIN-REFERRALS ID ENABLE IDLE LITERAL+ AUTH=PLAIN] Dovecot (Ubuntu) ready.
exit BAD Error in IMAP command received by server.
