### [2026-04-12 19:55:36] openssl s_client -connect 10.129.202.20:993

$ openssl s_client -connect 10.129.202.20:993

Connecting to 10.129.202.20
Can't use SSL_get_servername
depth=0 CN=NIXHARD
verify error:num=18:self-signed certificate
verify return:1
depth=0 CN=NIXHARD
verify return:1
CONNECTED(00000003)
---
Certificate chain
 0 s:CN=NIXHARD
   i:CN=NIXHARD
   a:PKEY: RSA, 2048 (bit); sigalg: sha256WithRSAEncryption
   v:NotBefore: Nov 10 01:30:25 2021 GMT; NotAfter: Nov  8 01:30:25 2031 GMT
---
Server certificate
-----BEGIN CERTIFICATE-----
MIIC0zCCAbugAwIBAgIUC6tYfrtqQqCrhjYv11bUtaKet3EwDQYJKoZIhvcNAQEL
BQAwEjEQMA4GA1UEAwwHTklYSEFSRDAeFw0yMTExMTAwMTMwMjVaFw0zMTExMDgw
MTMwMjVaMBIxEDAOBgNVBAMMB05JWEhBUkQwggEiMA0GCSqGSIb3DQEBAQUAA4IB
DwAwggEKAoIBAQDEBpDfkH4Ro5ZXW44NvnF3N9lKz27V1hgRppyUk5y/SEPKt2zj
EU+r2tEHUeHoJHQZBbW0ybxh+X2H3ZPNEG9nV1GtFQfTBVcrUEpN5VV15aIbdh+q
j53pp/wcL/d8+Zg2ZAaVYWvQHVqtsAudQmynrV1MHA39A44fG3/SutKlurY8AKR0
MW5zMPtflMc/N3+lH8UUMBf2Q+zNSyZLiBEihxK3kfMW92HqWeh016egSIFuxUsH
kk4xpGmyG9NDYna47dQzoHCg+42KgqFvWrGw2nIccaEIX5XA8rU9u53C7EQzDzmQ
vAtHpKWBwNmiivxAz/QC7MPExWIWtZtOqxmfAgMBAAGjITAfMAkGA1UdEwQCMAAw
EgYDVR0RBAswCYIHTklYSEFSRDANBgkqhkiG9w0BAQsFAAOCAQEAG+Dm9pLJgNGC
X1YmznmtBUekhXMrU67tQl745fFasJQzIrDgVtK27fjAtQRwvIbDruSwTj47E7+O
XdS7qyjFNBerklWNq4fEAVI7BmkxnTS9542okA/+UmeG70LdKjzFS+LjjOnyWzTh
YwU8uUjLfnRca74kY0DkVHOIkwZQha0J+BrKSADq/zDjkG0g4v0vzHINOmHx9eiE
67NoJKJPY5S3RYWxl/4x8Kphx7PNJBPC75gYjlxxDhxdYu9a3daqJUa58/qOm6P8
w1P9nA6lkg7NopyqepulLAzIcqnTjb/nMD2Pd9b6vgWc3IqSfFreqjzshZ+FjNZo
zR+tR6z4TQ==
-----END CERTIFICATE-----
subject=CN=NIXHARD
issuer=CN=NIXHARD
---
No client certificate CA names sent
Peer signing digest: SHA256
Peer signature type: rsa_pss_rsae_sha256
Peer Temp Key: X25519, 253 bits
---
SSL handshake has read 1283 bytes and written 1740 bytes
Verification error: self-signed certificate
---
New, TLSv1.3, Cipher is TLS_AES_256_GCM_SHA384
Protocol: TLSv1.3
Server public key is 2048 bit
This TLS version forbids renegotiation.
Compression: NONE
Expansion: NONE
No ALPN negotiated
Early data was not sent
Verify return code: 18 (self-signed certificate)
---
* OK [CAPABILITY IMAP4rev1 SASL-IR LOGIN-REFERRALS ID ENABLE IDLE LITERAL+ AUTH=PLAIN] Dovecot (Ubuntu) ready.
+ 
RENEGOTIATING
ERROR
40D72ED5467F0000:error:0A00010A:SSL routines:can_renegotiate:wrong ssl version:../ssl/ssl_lib.c:2862:
---
Post-Handshake New Session Ticket arrived:
SSL-Session:
    Protocol  : TLSv1.3
    Cipher    : TLS_AES_256_GCM_SHA384
    Session-ID: 8B6174323791EDA54F7F52A97F4652CB1BF51176F050BCCD10D4AA24D08542E7
    Session-ID-ctx: 
    Resumption PSK: 8032A982B84B0B88CDBB208736EDBECA9300D1C9B1C7656ADC32C0A5FC0E7B41C3DA213D2A61F920FA5802E607785929
    PSK identity: None
    PSK identity hint: None
    SRP username: None
    TLS session ticket lifetime hint: 7200 (seconds)
    TLS session ticket:
    0000 - c6 c8 4a 40 ab a5 6d 8e-c3 f5 27 59 71 0d 60 0c   ..J@..m...'Yq.`.
    0010 - f2 70 4f 7b 67 2b c2 6d-bf 21 0b 4b af 1c 72 7e   .pO{g+.m.!.K..r~
    0020 - 4d 05 f0 24 e3 8b 3e d6-66 0e e8 65 fb b1 11 d9   M..$..>.f..e....
    0030 - 0b 96 d9 52 e7 2f fe 2f-f3 4d 8a 44 e8 5b 00 43   ...R././.M.D.[.C
    0040 - ff dd 66 55 1a ac 70 0f-ca a4 4a e1 16 60 0e f6   ..fU..p...J..`..
    0050 - 9a 0f f5 4e 0e 5d 40 3a-3e 6f 4a 1d e7 23 18 cc   ...N.]@:>oJ..#..
    0060 - f1 70 38 40 0f 74 7d e9-4c 75 68 80 af 04 51 dc   .p8@.t}.Luh...Q.
    0070 - a0 10 7e ad ca 23 44 0c-cb ac 72 5f 67 1d d3 9a   ..~..#D...r_g...
    0080 - 77 a8 f0 d6 d4 54 01 a3-11 7a 40 94 ef a6 6e f2   w....T...z@...n.
    0090 - c7 3f 4c 46 35 25 7d 5d-31 f3 70 d0 a9 ee 18 56   .?LF5%}]1.p....V
    00a0 - 25 6d b2 ad bd 9f b7 e3-6d 63 0f d3 d5 7f e0 12   %m......mc......
    00b0 - ac 97 eb ee 36 9f 0b 2b-d3 85 a3 51 db b0 d9 a7   ....6..+...Q....

    Start Time: 1775994936
    Timeout   : 7200 (sec)
    Verify return code: 18 (self-signed certificate)
    Extended master secret: no
    Max Early Data: 0
---
read R BLOCK
---
Post-Handshake New Session Ticket arrived:
SSL-Session:
    Protocol  : TLSv1.3
    Cipher    : TLS_AES_256_GCM_SHA384
    Session-ID: 15D2352F38CE6E20443960329384C3DCF68A569F1D2A884430BDAB78A3C682E0
    Session-ID-ctx: 
    Resumption PSK: 2501EC7098C0E767D527D5B6BA96FD9B67EFA9DD1D4937EA38E59D16F85AAD1B062091B4F4E6FD76C9DA555D2F36EC30
    PSK identity: None
    PSK identity hint: None
    SRP username: None
    TLS session ticket lifetime hint: 7200 (seconds)
    TLS session ticket:
    0000 - c6 c8 4a 40 ab a5 6d 8e-c3 f5 27 59 71 0d 60 0c   ..J@..m...'Yq.`.
    0010 - 5c 0a b4 94 35 a7 9b de-1e 0d b7 9d c6 e0 1e 02   \...5...........
    0020 - f0 dc e1 36 28 6b 82 f1-da 84 e2 07 e2 8b 66 c1   ...6(k........f.
    0030 - 0d 08 b8 35 8d 1c 6d 01-13 b6 94 e8 71 a8 af c1   ...5..m.....q...
    0040 - 96 70 58 52 eb 0e 36 10-bb b5 a7 65 4d 72 b5 46   .pXR..6....eMr.F
    0050 - 1b 4f a7 7d 8c a1 61 27-b3 48 58 b6 dc 01 d0 41   .O.}..a'.HX....A
    0060 - 7d 50 a3 71 54 9d 0a 85-e9 6b f9 ae dc 20 a7 1e   }P.qT....k... ..
    0070 - e0 10 3a 46 d2 5d 2b 65-34 f5 31 af 4e f1 9c 1d   ..:F.]+e4.1.N...
    0080 - a5 7f 26 5c 89 67 87 4d-c0 7f 84 61 0a 48 e0 9f   ..&\.g.M...a.H..
    0090 - 59 b0 52 6b 96 ad a1 47-57 85 2e d1 61 6d 71 e3   Y.Rk...GW...amq.
    00a0 - 91 e2 04 66 9e 12 d9 52-4e 7a 7f fd 73 b3 bb 59   ...f...RNz..s..Y
    00b0 - ce e7 71 b8 eb bf 59 cb-3d 44 ba 9e 98 02 59 16   ..q...Y.=D....Y.

    Start Time: 1775994936
    Timeout   : 7200 (sec)
    Verify return code: 18 (self-signed certificate)
    Extended master secret: no
    Max Early Data: 0
---
read R BLOCK

# Exit code: 0
# Duration: 2026-04-12 19:55:44
