### [2026-04-05 18:37:06] sudo nmap -sC -sV -Pn 10.129.231.186

$ sudo nmap -sC -sV -Pn 10.129.231.186

Starting Nmap 7.98 ( https://nmap.org ) at 2026-04-05 18:37 +0800
Nmap scan report for 10.129.231.186
Host is up (0.010s latency).
Not shown: 988 filtered tcp ports (no-response)
PORT     STATE SERVICE       VERSION
53/tcp   open  domain        Simple DNS Plus
88/tcp   open  kerberos-sec  Microsoft Windows Kerberos (server time: 2026-04-05 17:37:28Z)
135/tcp  open  msrpc         Microsoft Windows RPC
139/tcp  open  netbios-ssn   Microsoft Windows netbios-ssn
389/tcp  open  ldap          Microsoft Windows Active Directory LDAP (Domain: certified.htb, Site: Default-First-Site-Name)
|_ssl-date: 2026-04-05T17:38:48+00:00; +7h00m10s from scanner time.
| ssl-cert: Subject: 
| Subject Alternative Name: DNS:DC01.certified.htb, DNS:certified.htb, DNS:CERTIFIED
| Not valid before: 2025-06-11T21:05:29
|_Not valid after:  2105-05-23T21:05:29
445/tcp  open  microsoft-ds?
464/tcp  open  kpasswd5?
593/tcp  open  ncacn_http    Microsoft Windows RPC over HTTP 1.0
636/tcp  open  ssl/ldap      Microsoft Windows Active Directory LDAP (Domain: certified.htb, Site: Default-First-Site-Name)
|_ssl-date: 2026-04-05T17:38:48+00:00; +7h00m10s from scanner time.
| ssl-cert: Subject: 
| Subject Alternative Name: DNS:DC01.certified.htb, DNS:certified.htb, DNS:CERTIFIED
| Not valid before: 2025-06-11T21:05:29
|_Not valid after:  2105-05-23T21:05:29
3268/tcp open  ldap          Microsoft Windows Active Directory LDAP (Domain: certified.htb, Site: Default-First-Site-Name)
|_ssl-date: 2026-04-05T17:38:48+00:00; +7h00m10s from scanner time.
| ssl-cert: Subject: 
| Subject Alternative Name: DNS:DC01.certified.htb, DNS:certified.htb, DNS:CERTIFIED
| Not valid before: 2025-06-11T21:05:29
|_Not valid after:  2105-05-23T21:05:29
3269/tcp open  ssl/ldap      Microsoft Windows Active Directory LDAP (Domain: certified.htb, Site: Default-First-Site-Name)
|_ssl-date: 2026-04-05T17:38:48+00:00; +7h00m10s from scanner time.
| ssl-cert: Subject: 
| Subject Alternative Name: DNS:DC01.certified.htb, DNS:certified.htb, DNS:CERTIFIED
| Not valid before: 2025-06-11T21:05:29
|_Not valid after:  2105-05-23T21:05:29
5985/tcp open  http          Microsoft HTTPAPI httpd 2.0 (SSDP/UPnP)
|_http-server-header: Microsoft-HTTPAPI/2.0
|_http-title: Not Found
Service Info: Host: DC01; OS: Windows; CPE: cpe:/o:microsoft:windows

Host script results:
| smb2-time: 
|   date: 2026-04-05T17:38:07
|_  start_date: N/A
|_clock-skew: mean: 7h00m09s, deviation: 0s, median: 7h00m09s
| smb2-security-mode: 
|   3.1.1: 
|_    Message signing enabled and required

Service detection performed. Please report any incorrect results at https://nmap.org/submit/ .
Nmap done: 1 IP address (1 host up) scanned in 91.97 seconds

# Exit code: 0
# Duration: 2026-04-05 18:38:38
