### [2026-04-04 21:17:58] nmap -sC -sV -Pn 10.129.96.167

$ nmap -sC -sV -Pn 10.129.96.167

Starting Nmap 7.98 ( https://nmap.org ) at 2026-04-04 21:17 +0800
Nmap scan report for 10.129.96.167
Host is up (0.0094s latency).
Not shown: 998 closed tcp ports (reset)
PORT     STATE SERVICE  VERSION
22/tcp   open  ssh      OpenSSH 7.9p1 Debian 10+deb10u2 (protocol 2.0)
| ssh-hostkey: 
|   2048 fc:fb:90:ee:7c:73:a1:d4:bf:87:f8:71:e8:44:c6:3c (RSA)
|   256 46:83:2b:1b:01:db:71:64:6a:3e:27:cb:53:6f:81:a1 (ECDSA)
|_  256 1d:8d:d3:41:f3:ff:a4:37:e8:ac:78:08:89:c2:e3:c5 (ED25519)
8443/tcp open  ssl/http Golang net/http server
| tls-alpn: 
|   h2
|_  http/1.1
|_http-title: Site doesn't have a title (application/json).
|_ssl-date: TLS randomness does not represent time
| fingerprint-strings: 
|   FourOhFourRequest: 
|     HTTP/1.0 403 Forbidden
|     Audit-Id: 79db087a-9493-48e5-8935-9e7f631f3c8c
|     Cache-Control: no-cache, private
|     Content-Type: application/json
|     X-Content-Type-Options: nosniff
|     X-Kubernetes-Pf-Flowschema-Uid: a7ecbd7d-11ca-4d1b-a041-df3412bc6ef3
|     X-Kubernetes-Pf-Prioritylevel-Uid: e18047ae-67be-4b27-9240-989f46ef361c
|     Date: Sat, 04 Apr 2026 13:18:19 GMT
|     Content-Length: 212
|     {"kind":"Status","apiVersion":"v1","metadata":{},"status":"Failure","message":"forbidden: User "system:anonymous" cannot get path "/nice ports,/Trinity.txt.bak"","reason":"Forbidden","details":{},"code":403}
|   GetRequest: 
|     HTTP/1.0 403 Forbidden
|     Audit-Id: 8332fd0e-81ba-4bf1-b2a4-fd09d91f94fb
|     Cache-Control: no-cache, private
|     Content-Type: application/json
|     X-Content-Type-Options: nosniff
|     X-Kubernetes-Pf-Flowschema-Uid: a7ecbd7d-11ca-4d1b-a041-df3412bc6ef3
|     X-Kubernetes-Pf-Prioritylevel-Uid: e18047ae-67be-4b27-9240-989f46ef361c
|     Date: Sat, 04 Apr 2026 13:18:19 GMT
|     Content-Length: 185
|     {"kind":"Status","apiVersion":"v1","metadata":{},"status":"Failure","message":"forbidden: User "system:anonymous" cannot get path "/"","reason":"Forbidden","details":{},"code":403}
|   HTTPOptions: 
|     HTTP/1.0 403 Forbidden
|     Audit-Id: 86a82d57-2cd2-459f-8f18-85475324a74d
|     Cache-Control: no-cache, private
|     Content-Type: application/json
|     X-Content-Type-Options: nosniff
|     X-Kubernetes-Pf-Flowschema-Uid: a7ecbd7d-11ca-4d1b-a041-df3412bc6ef3
|     X-Kubernetes-Pf-Prioritylevel-Uid: e18047ae-67be-4b27-9240-989f46ef361c
|     Date: Sat, 04 Apr 2026 13:18:19 GMT
|     Content-Length: 189
|_    {"kind":"Status","apiVersion":"v1","metadata":{},"status":"Failure","message":"forbidden: User "system:anonymous" cannot options path "/"","reason":"Forbidden","details":{},"code":403}
| ssl-cert: Subject: commonName=minikube/organizationName=system:masters
| Subject Alternative Name: DNS:minikubeCA, DNS:control-plane.minikube.internal, DNS:kubernetes.default.svc.cluster.local, DNS:kubernetes.default.svc, DNS:kubernetes.default, DNS:kubernetes, DNS:localhost, IP Address:10.129.96.167, IP Address:10.96.0.1, IP Address:127.0.0.1, IP Address:10.0.0.1
| Not valid before: 2026-04-03T12:36:14
|_Not valid after:  2029-04-03T12:36:14
1 service unrecognized despite returning data. If you know the service/version, please submit the following fingerprint at https://nmap.org/cgi-bin/submit.cgi?new-service :
SF-Port8443-TCP:V=7.98%T=SSL%I=7%D=4/4%Time=69D10F93%P=x86_64-pc-linux-gnu
SF:%r(GetRequest,22F,"HTTP/1\.0\x20403\x20Forbidden\r\nAudit-Id:\x208332fd
SF:0e-81ba-4bf1-b2a4-fd09d91f94fb\r\nCache-Control:\x20no-cache,\x20privat
SF:e\r\nContent-Type:\x20application/json\r\nX-Content-Type-Options:\x20no
SF:sniff\r\nX-Kubernetes-Pf-Flowschema-Uid:\x20a7ecbd7d-11ca-4d1b-a041-df3
SF:412bc6ef3\r\nX-Kubernetes-Pf-Prioritylevel-Uid:\x20e18047ae-67be-4b27-9
SF:240-989f46ef361c\r\nDate:\x20Sat,\x2004\x20Apr\x202026\x2013:18:19\x20G
SF:MT\r\nContent-Length:\x20185\r\n\r\n{\"kind\":\"Status\",\"apiVersion\"
SF::\"v1\",\"metadata\":{},\"status\":\"Failure\",\"message\":\"forbidden:
SF:\x20User\x20\\\"system:anonymous\\\"\x20cannot\x20get\x20path\x20\\\"/\
SF:\\"\",\"reason\":\"Forbidden\",\"details\":{},\"code\":403}\n")%r(HTTPO
SF:ptions,233,"HTTP/1\.0\x20403\x20Forbidden\r\nAudit-Id:\x2086a82d57-2cd2
SF:-459f-8f18-85475324a74d\r\nCache-Control:\x20no-cache,\x20private\r\nCo
SF:ntent-Type:\x20application/json\r\nX-Content-Type-Options:\x20nosniff\r
SF:\nX-Kubernetes-Pf-Flowschema-Uid:\x20a7ecbd7d-11ca-4d1b-a041-df3412bc6e
SF:f3\r\nX-Kubernetes-Pf-Prioritylevel-Uid:\x20e18047ae-67be-4b27-9240-989
SF:f46ef361c\r\nDate:\x20Sat,\x2004\x20Apr\x202026\x2013:18:19\x20GMT\r\nC
SF:ontent-Length:\x20189\r\n\r\n{\"kind\":\"Status\",\"apiVersion\":\"v1\"
SF:,\"metadata\":{},\"status\":\"Failure\",\"message\":\"forbidden:\x20Use
SF:r\x20\\\"system:anonymous\\\"\x20cannot\x20options\x20path\x20\\\"/\\\"
SF:\",\"reason\":\"Forbidden\",\"details\":{},\"code\":403}\n")%r(FourOhFo
SF:urRequest,24A,"HTTP/1\.0\x20403\x20Forbidden\r\nAudit-Id:\x2079db087a-9
SF:493-48e5-8935-9e7f631f3c8c\r\nCache-Control:\x20no-cache,\x20private\r\
SF:nContent-Type:\x20application/json\r\nX-Content-Type-Options:\x20nosnif
SF:f\r\nX-Kubernetes-Pf-Flowschema-Uid:\x20a7ecbd7d-11ca-4d1b-a041-df3412b
SF:c6ef3\r\nX-Kubernetes-Pf-Prioritylevel-Uid:\x20e18047ae-67be-4b27-9240-
SF:989f46ef361c\r\nDate:\x20Sat,\x2004\x20Apr\x202026\x2013:18:19\x20GMT\r
SF:\nContent-Length:\x20212\r\n\r\n{\"kind\":\"Status\",\"apiVersion\":\"v
SF:1\",\"metadata\":{},\"status\":\"Failure\",\"message\":\"forbidden:\x20
SF:User\x20\\\"system:anonymous\\\"\x20cannot\x20get\x20path\x20\\\"/nice\
SF:x20ports,/Trinity\.txt\.bak\\\"\",\"reason\":\"Forbidden\",\"details\":
SF:{},\"code\":403}\n");
Service Info: OS: Linux; CPE: cpe:/o:linux:linux_kernel

Service detection performed. Please report any incorrect results at https://nmap.org/submit/ .
Nmap done: 1 IP address (1 host up) scanned in 34.59 seconds

# Exit code: 0
# Duration: 2026-04-04 21:18:33
