### [2026-04-09 19:57:49] hashcat -m 5200 -a 0 Backup.psafe3 /usr/share/wordlists/rockyou.txt

$ hashcat -m 5200 -a 0 Backup.psafe3 /usr/share/wordlists/rockyou.txt

hashcat (v7.1.2) starting

Initializing bridges. Please be patient...Initialized bridgesInitializing backend runtimes. Please be patient...Initialized backend runtimesInitializing backend devices. Please be patient...Initialized backend devicesOpenCL API (OpenCL 3.0 PoCL 6.0+debian  Linux, None+Asserts, RELOC, SPIR-V, LLVM 18.1.8, SLEEF, DISTRO, POCL_DEBUG) - Platform #1 [The pocl project]
====================================================================================================================================================
* Device #01: cpu-skylake-avx512-AMD EPYC 9354P 32-Core Processor, 2949/5899 MB (1024 MB allocatable), 2MCU

Minimum password length supported by kernel: 0
Maximum password length supported by kernel: 256
Minimum salt length supported by kernel: 0
Maximum salt length supported by kernel: 256

Sorting hashes. Please be patient...Sorted hashesRemoving duplicate hashes. Please be patient...Removed duplicate hashesSorting salts. Please be patient...Sorted saltsComparing hashes with potfile entries. Please be patient...Compared hashes with potfile entriesGenerating bitmap tables...Generated bitmap tablesHashes: 1 digests; 1 unique digests, 1 unique salts
Bitmaps: 16 bits, 65536 entries, 0x0000ffff mask, 262144 bytes, 5/13 rotates
Rules: 1

Optimizers applied:
* Zero-Byte
* Single-Hash
* Single-Salt
* Slow-Hash-SIMD-LOOP

ATTENTION! Potfile storage is disabled for this hash mode.
Passwords cracked during this session will NOT be stored to the potfile.
Consider using -o to save cracked passwords.

Watchdog: Hardware monitoring interface not found on your system.
Watchdog: Temperature abort trigger disabled.

Initializing bridge salts. Please be patient...Initialized bridge saltsInitializing device kernels and memory. Please be patient...Initializing backend runtime for device #1. Please be patient...Initialized backend runtime for device #1Host memory allocated for this attack: 512 MB (3789 MB free)

Initialized device kernels and memoryStarting self-test. Please be patient...Finished self-testDictionary cache hit:
* Filename..: /usr/share/wordlists/rockyou.txt
* Passwords.: 14344385
* Bytes.....: 139921507
* Keyspace..: 14344385

Starting autotune. Please be patient...Finished autotune                                                          [s]tatus [p]ause [b]ypass [c]heckpoint [f]inish [q]uit =>                                                           Backup.psafe3:tekieromucho
                                                          
Session..........: hashcat
Status...........: Cracked
Hash.Mode........: 5200 (Password Safe v3)
Hash.Target......: Backup.psafe3
Time.Started.....: Thu Apr  9 19:57:50 2026 (0 secs)
Time.Estimated...: Thu Apr  9 19:57:50 2026 (0 secs)
Kernel.Feature...: Pure Kernel (password length 0-256 bytes)
Guess.Base.......: File (/usr/share/wordlists/rockyou.txt)
Guess.Queue......: 1/1 (100.00%)
Speed.#01........:    45950 H/s (8.02ms) @ Accel:573 Loops:1024 Thr:1 Vec:16
Recovered........: 1/1 (100.00%) Digests (total), 1/1 (100.00%) Digests (new)
Progress.........: 5730/14344385 (0.04%)
Rejected.........: 0/5730 (0.00%)
Restore.Point....: 4584/14344385 (0.03%)
Restore.Sub.#01..: Salt:0 Amplifier:0-1 Iteration:2048-2049
Candidate.Engine.: Device Generator
Candidates.#01...: ojitos -> ilovelucy

Started: Thu Apr  9 19:57:49 2026
Stopped: Thu Apr  9 19:57:52 2026

# Exit code: 0
# Duration: 2026-04-09 19:57:52
