### [2026-04-05 22:11:03] bloodyAD --host 10.129.231.186 -d certified.htb -u judith.mader -p judith09 get object management_svc

$ bloodyAD --host 10.129.231.186 -d certified.htb -u judith.mader -p judith09 get object management_svc


distinguishedName: CN=management service,CN=Users,DC=certified,DC=htb
accountExpires: 9999-12-31 23:59:59.999999+00:00
badPasswordTime: 2026-04-05 19:31:50.800932+00:00
badPwdCount: 1
cn: management service
codePage: 0
countryCode: 0
dSCorePropagationData: 2024-05-13 15:36:49+00:00
displayName: management service
givenName: management
instanceType: 4
lastLogoff: 1601-01-01 00:00:00+00:00
lastLogon: 1601-01-01 00:00:00+00:00
lastLogonTimestamp: 2024-05-13 16:00:37.491002+00:00
logonCount: 0
memberOf: CN=Management,CN=Users,DC=certified,DC=htb; CN=Remote Management Users,CN=Builtin,DC=certified,DC=htb
nTSecurityDescriptor: O:S-1-5-21-729746778-2675978091-3820388244-512G:S-1-5-21-729746778-2675978091-3820388244-512D:AI(OA;;RP;4c164200-20c0-11d0-a768-00aa006e0529;;S-1-5-21-729746778-2675978091-3820388244-553)(OA;;RP;5f202010-79a5-11d0-9020-00c04fc2d4cf;;S-1-5-21-729746778-2675978091-3820388244-553)(OA;;RP;bc0ac240-79a9-11d0-9020-00c04fc2d4cf;;S-1-5-21-729746778-2675978091-3820388244-553)(OA;;RP;037088f8-0ae1-11d2-b422-00a0c968f939;;S-1-5-21-729746778-2675978091-3820388244-553)(OA;;0x30;bf967a7f-0de6-11d0-a285-00aa003049e2;;S-1-5-21-729746778-2675978091-3820388244-517)(OA;;RP;46a9b11d-60ae-405a-b7e8-ff8a58d456d2;;S-1-5-32-560)(OA;;0x30;6db69a1c-9422-11d1-aebd-0000f80367c1;;S-1-5-32-561)(OA;;0x30;5805bc62-bdc9-4428-a5e2-856a0f4c185e;;S-1-5-32-561)(OA;;CR;ab721a53-1e2f-11d0-9819-00aa0040529b;;S-1-1-0)(OA;;CR;ab721a53-1e2f-11d0-9819-00aa0040529b;;S-1-5-10)(OA;;CR;ab721a54-1e2f-11d0-9819-00aa0040529b;;S-1-5-10)(OA;;CR;ab721a56-1e2f-11d0-9819-00aa0040529b;;S-1-5-10)(OA;;RP;59ba2f42-79a2-11d0-9020-00c04fc2d3cf;;S-1-5-11)(OA;;RP;e48d0154-bcf8-11d1-8702-00c04fb96050;;S-1-5-11)(OA;;RP;77b5b886-944a-11d1-aebd-0000f80367c1;;S-1-5-11)(OA;;RP;e45795b3-9455-11d1-aebd-0000f80367c1;;S-1-5-11)(OA;;0x30;77b5b886-944a-11d1-aebd-0000f80367c1;;S-1-5-10)(OA;;0x30;e45795b2-9455-11d1-aebd-0000f80367c1;;S-1-5-10)(OA;;0x30;e45795b3-9455-11d1-aebd-0000f80367c1;;S-1-5-10)(A;;0xf01ff;;;S-1-5-21-729746778-2675978091-3820388244-512)(A;CI;0x20028;;;S-1-5-21-729746778-2675978091-3820388244-1104)(A;;0xf01ff;;;S-1-5-32-548)(A;;RC;;;S-1-5-11)(A;;0x20094;;;S-1-5-10)(A;;0xf01ff;;;S-1-5-18)(OA;CIIOID;RP;4c164200-20c0-11d0-a768-00aa006e0529;4828cc14-1437-45bc-9b07-ad6f015e5f28;S-1-5-32-554)(OA;CIID;RP;4c164200-20c0-11d0-a768-00aa006e0529;bf967aba-0de6-11d0-a285-00aa003049e2;S-1-5-32-554)(OA;CIIOID;RP;5f202010-79a5-11d0-9020-00c04fc2d4cf;4828cc14-1437-45bc-9b07-ad6f015e5f28;S-1-5-32-554)(OA;CIID;RP;5f202010-79a5-11d0-9020-00c04fc2d4cf;bf967aba-0de6-11d0-a285-00aa003049e2;S-1-5-32-554)(OA;CIIOID;RP;bc0ac240-79a9-11d0-9020-00c04fc2d4cf;4828cc14-1437-45bc-9b07-ad6f015e5f28;S-1-5-32-554)(OA;CIID;RP;bc0ac240-79a9-11d0-9020-00c04fc2d4cf;bf967aba-0de6-11d0-a285-00aa003049e2;S-1-5-32-554)(OA;CIIOID;RP;59ba2f42-79a2-11d0-9020-00c04fc2d3cf;4828cc14-1437-45bc-9b07-ad6f015e5f28;S-1-5-32-554)(OA;CIID;RP;59ba2f42-79a2-11d0-9020-00c04fc2d3cf;bf967aba-0de6-11d0-a285-00aa003049e2;S-1-5-32-554)(OA;CIIOID;RP;037088f8-0ae1-11d2-b422-00a0c968f939;4828cc14-1437-45bc-9b07-ad6f015e5f28;S-1-5-32-554)(OA;CIID;RP;037088f8-0ae1-11d2-b422-00a0c968f939;bf967aba-0de6-11d0-a285-00aa003049e2;S-1-5-32-554)(OA;CIID;0x30;5b47d60f-6090-40b2-9f37-2a4de88f3063;;S-1-5-21-729746778-2675978091-3820388244-526)(OA;CIID;0x30;5b47d60f-6090-40b2-9f37-2a4de88f3063;;S-1-5-21-729746778-2675978091-3820388244-527)(OA;CIIOID;SW;9b026da6-0d3c-465c-8bee-5199d7165cba;bf967a86-0de6-11d0-a285-00aa003049e2;S-1-3-0)(OA;CIIOID;SW;9b026da6-0d3c-465c-8bee-5199d7165cba;bf967a86-0de6-11d0-a285-00aa003049e2;S-1-5-10)(OA;CIIOID;RP;b7c69e6d-2cc7-11d2-854e-00a0c983f608;bf967a86-0de6-11d0-a285-00aa003049e2;S-1-5-9)(OA;CIIOID;RP;b7c69e6d-2cc7-11d2-854e-00a0c983f608;bf967a9c-0de6-11d0-a285-00aa003049e2;S-1-5-9)(OA;CIID;RP;b7c69e6d-2cc7-11d2-854e-00a0c983f608;bf967aba-0de6-11d0-a285-00aa003049e2;S-1-5-9)(OA;CIIOID;WP;ea1b7b93-5e48-46d5-bc6c-4df4fda78a35;bf967a86-0de6-11d0-a285-00aa003049e2;S-1-5-10)(OA;CIIOID;0x20094;;4828cc14-1437-45bc-9b07-ad6f015e5f28;S-1-5-32-554)(OA;CIIOID;0x20094;;bf967a9c-0de6-11d0-a285-00aa003049e2;S-1-5-32-554)(OA;CIID;0x20094;;bf967aba-0de6-11d0-a285-00aa003049e2;S-1-5-32-554)(OA;OICIID;0x30;3f78c3e5-f79a-46bd-a0b8-9d18116ddc79;;S-1-5-10)(OA;CIID;0x130;91e647de-d96f-4b70-9557-d63ff4f3ccd8;;S-1-5-10)(A;CIID;0xf01ff;;;S-1-5-21-729746778-2675978091-3820388244-519)(A;CIID;LC;;;S-1-5-32-554)(A;CIID;0xf01bd;;;S-1-5-32-544)
name: management service
objectCategory: CN=Person,CN=Schema,CN=Configuration,DC=certified,DC=htb
objectClass: top; person; organizationalPerson; user
objectGUID: 48bd7103-d93e-40fb-a725-2d5d4ad2f4d5
objectSid: S-1-5-21-729746778-2675978091-3820388244-1105
primaryGroupID: 513
pwdLastSet: 2024-05-13 15:30:51.476756+00:00
sAMAccountName: management_svc
sAMAccountType: 805306368
servicePrincipalName: certified.htb/management_svc.DC01
sn: service
uSNChanged: 20599
uSNCreated: 12809
userAccountControl: NORMAL_ACCOUNT; DONT_EXPIRE_PASSWORD
userPrincipalName: management_svc@certified.htb
whenChanged: 2024-05-14 19:16:08+00:00
whenCreated: 2024-05-13 15:30:51+00:00

# Exit code: 0
# Duration: 2026-04-05 22:11:03
