### [2026-04-05 21:55:10] hashcat -m 13100 raw_data/management_svc.hash /usr/share/wordlists/rockyou.txt --force

$ hashcat -m 13100 raw_data/management_svc.hash /usr/share/wordlists/rockyou.txt --force

hashcat (v7.1.2) starting

You have enabled --force to bypass dangerous warnings and errors!
This can hide serious problems and should only be done when debugging.
Do not report hashcat issues encountered when using --force.

Initializing bridges. Please be patient...Initialized bridgesInitializing backend runtimes. Please be patient...Initialized backend runtimesInitializing backend devices. Please be patient...Initialized backend devicesOpenCL API (OpenCL 3.0 PoCL 6.0+debian  Linux, None+Asserts, RELOC, SPIR-V, LLVM 18.1.8, SLEEF, DISTRO, POCL_DEBUG) - Platform #1 [The pocl project]
====================================================================================================================================================
* Device #01: cpu-skylake-avx512-AMD EPYC 9354P 32-Core Processor, 2949/5899 MB (1024 MB allocatable), 2MCU

Minimum password length supported by kernel: 0
Maximum password length supported by kernel: 256
Minimum salt length supported by kernel: 0
Maximum salt length supported by kernel: 256

Counting lines in raw_data/management_svc.hash. Please be patient...Counted lines in raw_data/management_svc.hashParsed Hashes: 1/1 (100.00%)Parsed Hashes: 1/1 (100.00%)Sorting hashes. Please be patient...Sorted hashesRemoving duplicate hashes. Please be patient...Removed duplicate hashesSorting salts. Please be patient...Sorted saltsComparing hashes with potfile entries. Please be patient...Compared hashes with potfile entriesGenerating bitmap tables...Generated bitmap tablesHashes: 1 digests; 1 unique digests, 1 unique salts
Bitmaps: 16 bits, 65536 entries, 0x0000ffff mask, 262144 bytes, 5/13 rotates
Rules: 1

Optimizers applied:
* Zero-Byte
* Not-Iterated
* Single-Hash
* Single-Salt

ATTENTION! Pure (unoptimized) backend kernels selected.
Pure kernels can crack longer passwords, but drastically reduce performance.
If you want to switch to optimized kernels, append -O to your commandline.
See the above message to find out about the exact limits.

Watchdog: Hardware monitoring interface not found on your system.
Watchdog: Temperature abort trigger disabled.

Initializing bridge salts. Please be patient...Initialized bridge saltsInitializing device kernels and memory. Please be patient...Initializing backend runtime for device #1. Please be patient...Initialized backend runtime for device #1Host memory allocated for this attack: 512 MB (4157 MB free)

Initialized device kernels and memoryStarting self-test. Please be patient...Finished self-testDictionary cache hit:
* Filename..: /usr/share/wordlists/rockyou.txt
* Passwords.: 14344385
* Bytes.....: 139921507
* Keyspace..: 14344385

Starting autotune. Please be patient...Finished autotune                                                          [s]tatus [p]ause [b]ypass [c]heckpoint [f]inish [q]uit =>                                                           Approaching final keyspace - workload adjusted.

[s]tatus [p]ause [b]ypass [c]heckpoint [f]inish [q]uit =>                                                           Session..........: hashcat
Status...........: Exhausted
Hash.Mode........: 13100 (Kerberos 5, etype 23, TGS-REP)
Hash.Target......: $krb5tgs$23$*management_svc$CERTIFIED.HTB$certified...f191cc
Time.Started.....: Sun Apr  5 21:55:11 2026, (15 secs)
Time.Estimated...: Sun Apr  5 21:55:26 2026, (0 secs)
Kernel.Feature...: Pure Kernel (password length 0-256 bytes)
Guess.Base.......: File (/usr/share/wordlists/rockyou.txt)
Guess.Queue......: 1/1 (100.00%)
Speed.#01........:  1017.6 kH/s (1.57ms) @ Accel:1024 Loops:1 Thr:1 Vec:16
Recovered........: 0/1 (0.00%) Digests (total), 0/1 (0.00%) Digests (new)
Progress.........: 14344385/14344385 (100.00%)
Rejected.........: 0/14344385 (0.00%)
Restore.Point....: 14344385/14344385 (100.00%)
Restore.Sub.#01..: Salt:0 Amplifier:0-1 Iteration:0-1
Candidate.Engine.: Device Generator
Candidates.#01...:  kristenanne -> $HEX[042a0337c2a156616d6f732103]

Started: Sun Apr  5 21:55:10 2026
Stopped: Sun Apr  5 21:55:29 2026

# Exit code: 1
# Duration: 2026-04-05 21:55:29
