### [2026-04-01 00:36:16] crackmapexec ldap 10.129.231.149 -u michael.wrightson -p Cicada$M6Corpb*@Lp#nZp!8 --groups

$ crackmapexec ldap 10.129.231.149 -u michael.wrightson -p Cicada$M6Corpb*@Lp#nZp!8 --groups

Traceback (most recent call last):
  File "/usr/bin/crackmapexec", line 8, in <module>
    sys.exit(main())
             ~~~~^^
  File "/usr/lib/python3/dist-packages/cme/crackmapexec.py", line 257, in main
    asyncio.run(
    ~~~~~~~~~~~^
        start_threadpool(protocol_object, args, db, targets, jitter)
        ^^^^^^^^^^^^^^^^^^^^^^^^^^^^^^^^^^^^^^^^^^^^^^^^^^^^^^^^^^^^
    )
    ^
  File "/usr/lib/python3.13/asyncio/runners.py", line 195, in run
    return runner.run(main)
           ~~~~~~~~~~^^^^^^
  File "/usr/lib/python3.13/asyncio/runners.py", line 118, in run
    return self._loop.run_until_complete(task)
           ~~~~~~~~~~~~~~~~~~~~~~~~~~~~~^^^^^^
  File "/usr/lib/python3.13/asyncio/base_events.py", line 725, in run_until_complete
    return future.result()
           ~~~~~~~~~~~~~^^
  File "/usr/lib/python3/dist-packages/cme/crackmapexec.py", line 105, in start_threadpool
    await asyncio.gather(*jobs)
  File "/usr/lib/python3/dist-packages/cme/crackmapexec.py", line 69, in run_protocol
    await asyncio.wait_for(
    ...<2 lines>...
    )
  File "/usr/lib/python3.13/asyncio/tasks.py", line 507, in wait_for
    return await fut
           ^^^^^^^^^
  File "/usr/lib/python3.13/concurrent/futures/thread.py", line 59, in run
    result = self.fn(*self.args, **self.kwargs)
  File "/usr/lib/python3/dist-packages/cme/protocols/ldap.py", line 77, in __init__
    self.smb_share_name = smb_share_name
                          ^^^^^^^^^^^^^^
NameError: name 'smb_share_name' is not defined

# Exit code: 1
# Duration: 2026-04-01 00:36:17
