### [2026-04-01 00:50:06] ldapsearch -x -H ldap://10.129.231.149 -D michael.wrightson@cicada.htb -w Cicada$M6Corpb*@Lp#nZp!8 -b DC=cicada,DC=htb (objectClass=user) sAMAccountName description

$ ldapsearch -x -H ldap://10.129.231.149 -D michael.wrightson@cicada.htb -w Cicada$M6Corpb*@Lp#nZp!8 -b DC=cicada,DC=htb (objectClass=user) sAMAccountName description

# extended LDIF
#
# LDAPv3
# base <DC=cicada,DC=htb> with scope subtree
# filter: (objectClass=user)
# requesting: sAMAccountName description 
#

# Administrator, Users, cicada.htb
dn: CN=Administrator,CN=Users,DC=cicada,DC=htb
description: Built-in account for administering the computer/domain
sAMAccountName: Administrator

# Guest, Users, cicada.htb
dn: CN=Guest,CN=Users,DC=cicada,DC=htb
description: Built-in account for guest access to the computer/domain
sAMAccountName: Guest

# CICADA-DC, Domain Controllers, cicada.htb
dn: CN=CICADA-DC,OU=Domain Controllers,DC=cicada,DC=htb
sAMAccountName: CICADA-DC$

# krbtgt, Users, cicada.htb
dn: CN=krbtgt,CN=Users,DC=cicada,DC=htb
description: Key Distribution Center Service Account
sAMAccountName: krbtgt

# John Smoulder, Users, cicada.htb
dn: CN=John Smoulder,CN=Users,DC=cicada,DC=htb
sAMAccountName: john.smoulder

# Sarah Dantelia, Users, cicada.htb
dn: CN=Sarah Dantelia,CN=Users,DC=cicada,DC=htb
sAMAccountName: sarah.dantelia

# Michael Wrightson, Users, cicada.htb
dn: CN=Michael Wrightson,CN=Users,DC=cicada,DC=htb
sAMAccountName: michael.wrightson

# David Orelious, Users, cicada.htb
dn: CN=David Orelious,CN=Users,DC=cicada,DC=htb
description: Just in case I forget my password is aRt$Lp#7t*VQ!3
sAMAccountName: david.orelious

# Emily Oscars, Users, cicada.htb
dn: CN=Emily Oscars,CN=Users,DC=cicada,DC=htb
sAMAccountName: emily.oscars

# search reference
ref: ldap://DomainDnsZones.cicada.htb/DC=DomainDnsZones,DC=cicada,DC=htb

# search reference
ref: ldap://ForestDnsZones.cicada.htb/DC=ForestDnsZones,DC=cicada,DC=htb

# search reference
ref: ldap://cicada.htb/CN=Configuration,DC=cicada,DC=htb

# search result
search: 2
result: 0 Success

# numResponses: 13
# numEntries: 9
# numReferences: 3

# Exit code: 0
# Duration: 2026-04-01 00:50:06
