### [2026-04-13 15:03:24] gobuster dir -u http://inlanefreight.htb:31232/ -w /usr/share/wordlists/seclists/Discovery/Web-Content/common.txt

$ gobuster dir -u http://inlanefreight.htb:31232/ -w /usr/share/wordlists/seclists/Discovery/Web-Content/common.txt

===============================================================
Gobuster v3.8.2
by OJ Reeves (@TheColonial) & Christian Mehlmauer (@firefart)
===============================================================
[+] Url:                     http://inlanefreight.htb:31232/
[+] Method:                  GET
[+] Threads:                 10
[+] Wordlist:                /usr/share/wordlists/seclists/Discovery/Web-Content/common.txt
[+] Negative Status codes:   404
[+] User Agent:              gobuster/3.8.2
[+] Timeout:                 10s
===============================================================
Starting gobuster in directory enumeration mode
===============================================================
index.html           (Status: 200) [Size: 120]
===============================================================
Finished
===============================================================

# Exit code: 0
# Duration: 2026-04-13 15:04:42
